0 info it worked if it ends with ok
1 verbose cli [ '/nix/store/qpmahcz95rnsshs6wpcaqrqpgk35blh5-nodejs-0.12.0/bin/node',
1 verbose cli   '/nix/store/qpmahcz95rnsshs6wpcaqrqpgk35blh5-nodejs-0.12.0/bin/npm',
1 verbose cli   'run',
1 verbose cli   'watch' ]
2 info using npm@2.5.1
3 info using node@v0.12.0
4 verbose run-script [ 'prewatch', 'watch', 'postwatch' ]
5 info prewatch file-upload-frontend@0.0.1
6 info watch file-upload-frontend@0.0.1
7 verbose unsafe-perm in lifecycle true
8 info file-upload-frontend@0.0.1 Failed to exec watch script
9 verbose stack Error: file-upload-frontend@0.0.1 watch: `node ./node_modules/webpack/bin/webpack.js --config webpack-dev.config.js --watch --progress`
9 verbose stack Exit status 1
9 verbose stack     at EventEmitter.<anonymous> (/nix/store/qpmahcz95rnsshs6wpcaqrqpgk35blh5-nodejs-0.12.0/lib/node_modules/npm/lib/utils/lifecycle.js:213:16)
9 verbose stack     at EventEmitter.emit (events.js:110:17)
9 verbose stack     at ChildProcess.<anonymous> (/nix/store/qpmahcz95rnsshs6wpcaqrqpgk35blh5-nodejs-0.12.0/lib/node_modules/npm/lib/utils/spawn.js:14:12)
9 verbose stack     at ChildProcess.emit (events.js:110:17)
9 verbose stack     at maybeClose (child_process.js:1008:16)
9 verbose stack     at Process.ChildProcess._handle.onexit (child_process.js:1080:5)
10 verbose pkgid file-upload-frontend@0.0.1
11 verbose cwd /home/sweater/memoricide/file-server/client/src
12 error Linux 3.18.11
13 error argv "/nix/store/qpmahcz95rnsshs6wpcaqrqpgk35blh5-nodejs-0.12.0/bin/node" "/nix/store/qpmahcz95rnsshs6wpcaqrqpgk35blh5-nodejs-0.12.0/bin/npm" "run" "watch"
14 error node v0.12.0
15 error npm  v2.5.1
16 error code ELIFECYCLE
17 error file-upload-frontend@0.0.1 watch: `node ./node_modules/webpack/bin/webpack.js --config webpack-dev.config.js --watch --progress`
17 error Exit status 1
18 error Failed at the file-upload-frontend@0.0.1 watch script 'node ./node_modules/webpack/bin/webpack.js --config webpack-dev.config.js --watch --progress'.
18 error This is most likely a problem with the file-upload-frontend package,
18 error not with npm itself.
18 error Tell the author that this fails on your system:
18 error     node ./node_modules/webpack/bin/webpack.js --config webpack-dev.config.js --watch --progress
18 error You can get their info via:
18 error     npm owner ls file-upload-frontend
18 error There is likely additional logging output above.
19 verbose exit [ 1, true ]
